2017-10-03 17:13:21,979 [main] INFO  - Adding class view.AddressTable to ArrayList listeners
2017-10-03 17:13:23,979 [AWT-EventQueue-0] INFO  - Opening JFileChooser at C:\Users\lvonnied\eclipse-workspace\Swing Address book
2017-10-03 17:13:25,812 [AWT-EventQueue-0] INFO  - Reading from C:\Users\lvonnied\eclipse-workspace\Swing Address book\addressbook.object to ArrayList<User> addressBook
2017-10-03 17:13:25,820 [AWT-EventQueue-0] INFO  - Setting read file to users Array
2017-10-03 17:13:25,834 [AWT-EventQueue-0] INFO  - Opening addressbook.object and setting AddressBook to it
2017-10-03 17:13:25,835 [AWT-EventQueue-0] INFO  - Checking attribute createTableCounter
2017-10-03 17:13:25,835 [AWT-EventQueue-0] INFO  - Creating Panel, incrementing createTableCounter and updating GUI
2017-10-03 17:13:25,835 [AWT-EventQueue-0] INFO  - Creating TablePanel
2017-10-03 17:13:25,837 [AWT-EventQueue-0] INFO  - Returning addressBook
2017-10-03 17:13:25,874 [AWT-EventQueue-0] INFO  - Getting Studiengang at column: 0 row: 0
2017-10-03 17:13:25,875 [AWT-EventQueue-0] INFO  - Getting Nachname at column: 1 row: 0
2017-10-03 17:13:25,876 [AWT-EventQueue-0] INFO  - Getting Vorname at column: 2 row: 0
2017-10-03 17:13:25,876 [AWT-EventQueue-0] INFO  - Getting PID at column: 3 row: 0
2017-10-03 17:13:25,878 [AWT-EventQueue-0] INFO  - Getting Vegan at column: 4 row: 0
2017-10-03 17:13:25,879 [AWT-EventQueue-0] INFO  - Getting Studiengang at column: 0 row: 1
2017-10-03 17:13:25,880 [AWT-EventQueue-0] INFO  - Getting Nachname at column: 1 row: 1
2017-10-03 17:13:25,880 [AWT-EventQueue-0] INFO  - Getting Vorname at column: 2 row: 1
2017-10-03 17:13:25,880 [AWT-EventQueue-0] INFO  - Getting PID at column: 3 row: 1
2017-10-03 17:13:25,882 [AWT-EventQueue-0] INFO  - Getting Vegan at column: 4 row: 1
2017-10-03 17:13:25,882 [AWT-EventQueue-0] INFO  - Getting Studiengang at column: 0 row: 2
2017-10-03 17:13:25,883 [AWT-EventQueue-0] INFO  - Getting Nachname at column: 1 row: 2
2017-10-03 17:13:25,883 [AWT-EventQueue-0] INFO  - Getting Vorname at column: 2 row: 2
2017-10-03 17:13:25,885 [AWT-EventQueue-0] INFO  - Getting PID at column: 3 row: 2
2017-10-03 17:13:25,885 [AWT-EventQueue-0] INFO  - Getting Vegan at column: 4 row: 2
2017-10-03 17:13:25,885 [AWT-EventQueue-0] INFO  - Getting Studiengang at column: 0 row: 3
2017-10-03 17:13:25,886 [AWT-EventQueue-0] INFO  - Getting Nachname at column: 1 row: 3
2017-10-03 17:13:25,886 [AWT-EventQueue-0] INFO  - Getting Vorname at column: 2 row: 3
2017-10-03 17:13:25,887 [AWT-EventQueue-0] INFO  - Getting PID at column: 3 row: 3
2017-10-03 17:13:25,887 [AWT-EventQueue-0] INFO  - Getting Vegan at column: 4 row: 3
2017-10-03 17:13:25,888 [AWT-EventQueue-0] INFO  - Getting Studiengang at column: 0 row: 4
2017-10-03 17:13:25,888 [AWT-EventQueue-0] INFO  - Getting Nachname at column: 1 row: 4
2017-10-03 17:13:25,889 [AWT-EventQueue-0] INFO  - Getting Vorname at column: 2 row: 4
2017-10-03 17:13:25,889 [AWT-EventQueue-0] INFO  - Getting PID at column: 3 row: 4
2017-10-03 17:13:25,890 [AWT-EventQueue-0] INFO  - Getting Vegan at column: 4 row: 4
2017-10-03 17:13:25,890 [AWT-EventQueue-0] INFO  - Getting Studiengang at column: 0 row: 5
2017-10-03 17:13:25,891 [AWT-EventQueue-0] INFO  - Getting Nachname at column: 1 row: 5
2017-10-03 17:13:25,892 [AWT-EventQueue-0] INFO  - Getting Vorname at column: 2 row: 5
2017-10-03 17:13:25,892 [AWT-EventQueue-0] INFO  - Getting PID at column: 3 row: 5
2017-10-03 17:13:25,892 [AWT-EventQueue-0] INFO  - Getting Vegan at column: 4 row: 5
2017-10-03 17:13:27,079 [AWT-EventQueue-0] INFO  - Opening class view.ValueInputWindow
2017-10-03 17:13:28,783 [AWT-EventQueue-0] INFO  - Adding Nachname to addressBook and iterating through the listeners
2017-10-03 17:13:28,783 [AWT-EventQueue-0] INFO  - Refreshing tableModel and disabling btnDelete and btnEdit
2017-10-03 17:13:28,800 [AWT-EventQueue-0] INFO  - Getting Studiengang at column: 0 row: 0
2017-10-03 17:13:28,800 [AWT-EventQueue-0] INFO  - Getting Nachname at column: 1 row: 0
2017-10-03 17:13:28,801 [AWT-EventQueue-0] INFO  - Getting Vorname at column: 2 row: 0
2017-10-03 17:13:28,802 [AWT-EventQueue-0] INFO  - Getting PID at column: 3 row: 0
2017-10-03 17:13:28,802 [AWT-EventQueue-0] INFO  - Getting Vegan at column: 4 row: 0
2017-10-03 17:13:28,803 [AWT-EventQueue-0] INFO  - Getting Studiengang at column: 0 row: 1
2017-10-03 17:13:28,803 [AWT-EventQueue-0] INFO  - Getting Nachname at column: 1 row: 1
2017-10-03 17:13:28,803 [AWT-EventQueue-0] INFO  - Getting Vorname at column: 2 row: 1
2017-10-03 17:13:28,804 [AWT-EventQueue-0] INFO  - Getting PID at column: 3 row: 1
2017-10-03 17:13:28,804 [AWT-EventQueue-0] INFO  - Getting Vegan at column: 4 row: 1
2017-10-03 17:13:28,805 [AWT-EventQueue-0] INFO  - Getting Studiengang at column: 0 row: 2
2017-10-03 17:13:28,805 [AWT-EventQueue-0] INFO  - Getting Nachname at column: 1 row: 2
2017-10-03 17:13:28,806 [AWT-EventQueue-0] INFO  - Getting Vorname at column: 2 row: 2
2017-10-03 17:13:28,806 [AWT-EventQueue-0] INFO  - Getting PID at column: 3 row: 2
2017-10-03 17:13:28,807 [AWT-EventQueue-0] INFO  - Getting Vegan at column: 4 row: 2
2017-10-03 17:13:28,807 [AWT-EventQueue-0] INFO  - Getting Studiengang at column: 0 row: 3
2017-10-03 17:13:28,808 [AWT-EventQueue-0] INFO  - Getting Nachname at column: 1 row: 3
2017-10-03 17:13:28,808 [AWT-EventQueue-0] INFO  - Getting Vorname at column: 2 row: 3
2017-10-03 17:13:28,808 [AWT-EventQueue-0] INFO  - Getting PID at column: 3 row: 3
2017-10-03 17:13:28,809 [AWT-EventQueue-0] INFO  - Getting Vegan at column: 4 row: 3
2017-10-03 17:13:28,809 [AWT-EventQueue-0] INFO  - Getting Studiengang at column: 0 row: 4
2017-10-03 17:13:28,810 [AWT-EventQueue-0] INFO  - Getting Nachname at column: 1 row: 4
2017-10-03 17:13:28,810 [AWT-EventQueue-0] INFO  - Getting Vorname at column: 2 row: 4
2017-10-03 17:13:28,811 [AWT-EventQueue-0] INFO  - Getting PID at column: 3 row: 4
2017-10-03 17:13:28,811 [AWT-EventQueue-0] INFO  - Getting Vegan at column: 4 row: 4
2017-10-03 17:13:28,812 [AWT-EventQueue-0] INFO  - Getting Studiengang at column: 0 row: 5
2017-10-03 17:13:28,812 [AWT-EventQueue-0] INFO  - Getting Nachname at column: 1 row: 5
2017-10-03 17:13:28,813 [AWT-EventQueue-0] INFO  - Getting Vorname at column: 2 row: 5
2017-10-03 17:13:28,813 [AWT-EventQueue-0] INFO  - Getting PID at column: 3 row: 5
2017-10-03 17:13:28,814 [AWT-EventQueue-0] INFO  - Getting Vegan at column: 4 row: 5
2017-10-03 17:13:28,814 [AWT-EventQueue-0] INFO  - Getting Studiengang at column: 0 row: 6
2017-10-03 17:13:28,815 [AWT-EventQueue-0] INFO  - Getting Nachname at column: 1 row: 6
2017-10-03 17:13:28,815 [AWT-EventQueue-0] INFO  - Getting Vorname at column: 2 row: 6
2017-10-03 17:13:28,815 [AWT-EventQueue-0] INFO  - Getting PID at column: 3 row: 6
2017-10-03 17:13:28,816 [AWT-EventQueue-0] INFO  - Getting Vegan at column: 4 row: 6
2017-10-03 17:13:30,603 [AWT-EventQueue-0] INFO  - Opening Save Dialog because file wasn't saved yet
2017-10-03 17:13:30,622 [AWT-EventQueue-0] INFO  - Getting Studiengang at column: 0 row: 0
2017-10-03 17:13:30,622 [AWT-EventQueue-0] INFO  - Getting Nachname at column: 1 row: 0
2017-10-03 17:13:30,623 [AWT-EventQueue-0] INFO  - Getting Vorname at column: 2 row: 0
2017-10-03 17:13:30,623 [AWT-EventQueue-0] INFO  - Getting PID at column: 3 row: 0
2017-10-03 17:13:30,623 [AWT-EventQueue-0] INFO  - Getting Studiengang at column: 0 row: 1
2017-10-03 17:13:30,623 [AWT-EventQueue-0] INFO  - Getting Nachname at column: 1 row: 1
2017-10-03 17:13:30,623 [AWT-EventQueue-0] INFO  - Getting Vorname at column: 2 row: 1
2017-10-03 17:13:30,623 [AWT-EventQueue-0] INFO  - Getting PID at column: 3 row: 1
2017-10-03 17:13:30,624 [AWT-EventQueue-0] INFO  - Getting Studiengang at column: 0 row: 2
2017-10-03 17:13:30,624 [AWT-EventQueue-0] INFO  - Getting Nachname at column: 1 row: 2
2017-10-03 17:13:30,624 [AWT-EventQueue-0] INFO  - Getting Vorname at column: 2 row: 2
2017-10-03 17:13:30,624 [AWT-EventQueue-0] INFO  - Getting PID at column: 3 row: 2
2017-10-03 17:13:30,624 [AWT-EventQueue-0] INFO  - Getting Studiengang at column: 0 row: 3
2017-10-03 17:13:30,624 [AWT-EventQueue-0] INFO  - Getting Nachname at column: 1 row: 3
2017-10-03 17:13:30,624 [AWT-EventQueue-0] INFO  - Getting Vorname at column: 2 row: 3
2017-10-03 17:13:30,625 [AWT-EventQueue-0] INFO  - Getting PID at column: 3 row: 3
2017-10-03 17:13:30,625 [AWT-EventQueue-0] INFO  - Getting Studiengang at column: 0 row: 4
2017-10-03 17:13:30,625 [AWT-EventQueue-0] INFO  - Getting Nachname at column: 1 row: 4
2017-10-03 17:13:30,625 [AWT-EventQueue-0] INFO  - Getting Vorname at column: 2 row: 4
2017-10-03 17:13:30,625 [AWT-EventQueue-0] INFO  - Getting PID at column: 3 row: 4
2017-10-03 17:13:30,625 [AWT-EventQueue-0] INFO  - Getting Studiengang at column: 0 row: 5
2017-10-03 17:13:30,625 [AWT-EventQueue-0] INFO  - Getting Nachname at column: 1 row: 5
2017-10-03 17:13:30,626 [AWT-EventQueue-0] INFO  - Getting Vorname at column: 2 row: 5
2017-10-03 17:13:30,626 [AWT-EventQueue-0] INFO  - Getting PID at column: 3 row: 5
2017-10-03 17:13:30,626 [AWT-EventQueue-0] INFO  - Getting Studiengang at column: 0 row: 6
2017-10-03 17:13:30,626 [AWT-EventQueue-0] INFO  - Getting Nachname at column: 1 row: 6
2017-10-03 17:13:30,626 [AWT-EventQueue-0] INFO  - Getting Vorname at column: 2 row: 6
2017-10-03 17:13:30,626 [AWT-EventQueue-0] INFO  - Getting PID at column: 3 row: 6
